This file contains any messages produced by compilers while
running configure, to aid debugging if configure makes a mistake.

It was created by libeye configure 0.1, which was
generated by GNU Autoconf 2.61.  Invocation command line was

  $ ./configure prefix=/home/owen

## --------- ##
## Platform. ##
## --------- ##

hostname = kmfe
uname -m = i686
uname -r = 2.6.22
uname -s = Linux
uname -v = #6 Fri Jul 11 01:18:45 EDT 2008

/usr/bin/uname -p = unknown
/bin/uname -X     = unknown

/bin/arch              = unknown
/usr/bin/arch -k       = unknown
/usr/convex/getsysinfo = unknown
/usr/bin/hostinfo      = unknown
/bin/machine           = unknown
/usr/bin/oslevel       = unknown
/bin/universe          = unknown

PATH: /home/owen/bin
PATH: /usr/local/bin
PATH: /usr/bin
PATH: /bin
PATH: /usr/bin/X11
PATH: /usr/games


## ----------- ##
## Core tests. ##
## ----------- ##

configure:1977: checking for a BSD-compatible install
configure:2033: result: /usr/bin/install -c
configure:2044: checking whether build environment is sane
configure:2087: result: yes
configure:2115: checking for a thread-safe mkdir -p
configure:2154: result: /bin/mkdir -p
configure:2167: checking for gawk
configure:2183: found /usr/bin/gawk
configure:2194: result: gawk
configure:2205: checking whether make sets $(MAKE)
configure:2226: result: yes
configure:2495: checking for gcc
configure:2511: found /usr/bin/gcc
configure:2522: result: gcc
configure:2760: checking for C compiler version
configure:2767: gcc --version >&5
gcc (GCC) 4.2.4 (Debian 4.2.4-2+b1)
Copyright (C) 2007 Free Software Foundation, Inc.
This is free software; see the source for copying conditions.  There is NO
warranty; not even for MERCHANTABILITY or FITNESS FOR A PARTICULAR PURPOSE.

configure:2770: $? = 0
configure:2777: gcc -v >&5
Using built-in specs.
Target: i486-linux-gnu
Configured with: ../src/configure -v --enable-languages=c,c++,fortran,objc,obj-c++ --prefix=/usr --enable-shared --with-system-zlib --libexecdir=/usr/lib --without-included-gettext --enable-threads=posix --enable-nls --with-gxx-include-dir=/usr/include/c++/4.2 --program-suffix=-4.2 --enable-clocale=gnu --enable-libstdcxx-debug --enable-objc-gc --enable-mpfr --enable-targets=all --enable-checking=release --build=i486-linux-gnu --host=i486-linux-gnu --target=i486-linux-gnu
Thread model: posix
gcc version 4.2.4 (Debian 4.2.4-2+b1)
configure:2780: $? = 0
configure:2787: gcc -V >&5
gcc: '-V' option must have argument
configure:2790: $? = 1
configure:2813: checking for C compiler default output file name
configure:2840: gcc    conftest.c  >&5
configure:2843: $? = 0
configure:2881: result: a.out
configure:2898: checking whether the C compiler works
configure:2908: ./a.out
configure:2911: $? = 0
configure:2928: result: yes
configure:2935: checking whether we are cross compiling
configure:2937: result: no
configure:2940: checking for suffix of executables
configure:2947: gcc -o conftest    conftest.c  >&5
configure:2950: $? = 0
configure:2974: result: 
configure:2980: checking for suffix of object files
configure:3006: gcc -c   conftest.c >&5
configure:3009: $? = 0
configure:3032: result: o
configure:3036: checking whether we are using the GNU C compiler
configure:3065: gcc -c   conftest.c >&5
configure:3071: $? = 0
configure:3088: result: yes
configure:3093: checking whether gcc accepts -g
configure:3123: gcc -c -g  conftest.c >&5
configure:3129: $? = 0
configure:3228: result: yes
configure:3245: checking for gcc option to accept ISO C89
configure:3319: gcc  -c -g -O2  conftest.c >&5
configure:3325: $? = 0
configure:3348: result: none needed
configure:3377: checking for style of include used by make
configure:3405: result: GNU
configure:3430: checking dependency style of gcc
configure:3521: result: gcc3
configure:3594: checking for g++
configure:3610: found /usr/bin/g++
configure:3621: result: g++
configure:3652: checking for C++ compiler version
configure:3659: g++ --version >&5
g++ (GCC) 4.2.4 (Debian 4.2.4-2+b1)
Copyright (C) 2007 Free Software Foundation, Inc.
This is free software; see the source for copying conditions.  There is NO
warranty; not even for MERCHANTABILITY or FITNESS FOR A PARTICULAR PURPOSE.

configure:3662: $? = 0
configure:3669: g++ -v >&5
Using built-in specs.
Target: i486-linux-gnu
Configured with: ../src/configure -v --enable-languages=c,c++,fortran,objc,obj-c++ --prefix=/usr --enable-shared --with-system-zlib --libexecdir=/usr/lib --without-included-gettext --enable-threads=posix --enable-nls --with-gxx-include-dir=/usr/include/c++/4.2 --program-suffix=-4.2 --enable-clocale=gnu --enable-libstdcxx-debug --enable-objc-gc --enable-mpfr --enable-targets=all --enable-checking=release --build=i486-linux-gnu --host=i486-linux-gnu --target=i486-linux-gnu
Thread model: posix
gcc version 4.2.4 (Debian 4.2.4-2+b1)
configure:3672: $? = 0
configure:3679: g++ -V >&5
g++: '-V' option must have argument
configure:3682: $? = 1
configure:3685: checking whether we are using the GNU C++ compiler
configure:3714: g++ -c   conftest.cpp >&5
configure:3720: $? = 0
configure:3737: result: yes
configure:3742: checking whether g++ accepts -g
configure:3772: g++ -c -g  conftest.cpp >&5
configure:3778: $? = 0
configure:3877: result: yes
configure:3902: checking dependency style of g++
configure:3993: result: gcc3
configure:4039: checking build system type
configure:4057: result: i686-pc-linux-gnu
configure:4079: checking host system type
configure:4094: result: i686-pc-linux-gnu
configure:4116: checking for a sed that does not truncate output
configure:4195: result: /bin/sed
configure:4213: checking for grep that handles long lines and -e
configure:4287: result: /bin/grep
configure:4292: checking for egrep
configure:4370: result: /bin/grep -E
configure:4375: checking for fgrep
configure:4453: result: /bin/grep -F
configure:4488: checking for ld used by gcc
configure:4555: result: /usr/bin/ld
configure:4564: checking if the linker (/usr/bin/ld) is GNU ld
configure:4579: result: yes
configure:4591: checking for BSD- or MS-compatible name lister (nm)
configure:4640: result: /usr/bin/nm -B
configure:4762: checking the name lister (/usr/bin/nm -B) interface
configure:4769: gcc -c -g -O2  conftest.c >&5
configure:4772: /usr/bin/nm -B "conftest.o"
configure:4775: output
00000000 B some_variable
configure:4782: result: BSD nm
configure:4785: checking whether ln -s works
configure:4789: result: yes
configure:4797: checking the maximum length of command line arguments
configure:4917: result: 98304
configure:4934: checking whether the shell understands some XSI constructs
configure:4944: result: yes
configure:4948: checking whether the shell understands "+="
configure:4954: result: yes
configure:4989: checking for /usr/bin/ld option to reload object files
configure:4996: result: -r
configure:5023: checking how to recognize dependent libraries
configure:5213: result: pass_all
configure:5273: checking for ar
configure:5289: found /usr/bin/ar
configure:5300: result: ar
configure:5382: checking for strip
configure:5398: found /usr/bin/strip
configure:5409: result: strip
configure:5485: checking for ranlib
configure:5501: found /usr/bin/ranlib
configure:5512: result: ranlib
configure:5606: checking command to parse /usr/bin/nm -B output from gcc object
configure:5724: gcc -c -g -O2  conftest.c >&5
configure:5727: $? = 0
configure:5731: /usr/bin/nm -B conftest.o \| sed -n -e 's/^.*[	 ]\([ABCDGIRSTW][ABCDGIRSTW]*\)[	 ][	 ]*\([_A-Za-z][_A-Za-z0-9]*\)$/\1 \2 \2/p' \> conftest.nm
configure:5734: $? = 0
configure:5788: gcc -o conftest -g -O2   conftest.c conftstm.o >&5
configure:5791: $? = 0
configure:5829: result: ok
configure:6708: checking how to run the C preprocessor
configure:6748: gcc -E  conftest.c
configure:6754: $? = 0
configure:6785: gcc -E  conftest.c
conftest.c:10:28: error: ac_nonexistent.h: No such file or directory
configure:6791: $? = 1
configure: failed program was:
| /* confdefs.h.  */
| #define PACKAGE_NAME "libeye"
| #define PACKAGE_TARNAME "libeye"
| #define PACKAGE_VERSION "0.1"
| #define PACKAGE_STRING "libeye 0.1"
| #define PACKAGE_BUGREPORT "ellbur@gmail.com"
| #define PACKAGE "libeye"
| #define VERSION "0.1"
| /* end confdefs.h.  */
| #include <ac_nonexistent.h>
configure:6824: result: gcc -E
configure:6853: gcc -E  conftest.c
configure:6859: $? = 0
configure:6890: gcc -E  conftest.c
conftest.c:10:28: error: ac_nonexistent.h: No such file or directory
configure:6896: $? = 1
configure: failed program was:
| /* confdefs.h.  */
| #define PACKAGE_NAME "libeye"
| #define PACKAGE_TARNAME "libeye"
| #define PACKAGE_VERSION "0.1"
| #define PACKAGE_STRING "libeye 0.1"
| #define PACKAGE_BUGREPORT "ellbur@gmail.com"
| #define PACKAGE "libeye"
| #define VERSION "0.1"
| /* end confdefs.h.  */
| #include <ac_nonexistent.h>
configure:6934: checking for ANSI C header files
configure:6964: gcc -c -g -O2  conftest.c >&5
configure:6970: $? = 0
configure:7069: gcc -o conftest -g -O2   conftest.c  >&5
configure:7072: $? = 0
configure:7078: ./conftest
configure:7081: $? = 0
configure:7098: result: yes
configure:7122: checking for sys/types.h
configure:7143: gcc -c -g -O2  conftest.c >&5
configure:7149: $? = 0
configure:7165: result: yes
configure:7122: checking for sys/stat.h
configure:7143: gcc -c -g -O2  conftest.c >&5
configure:7149: $? = 0
configure:7165: result: yes
configure:7122: checking for stdlib.h
configure:7143: gcc -c -g -O2  conftest.c >&5
configure:7149: $? = 0
configure:7165: result: yes
configure:7122: checking for string.h
configure:7143: gcc -c -g -O2  conftest.c >&5
configure:7149: $? = 0
configure:7165: result: yes
configure:7122: checking for memory.h
configure:7143: gcc -c -g -O2  conftest.c >&5
configure:7149: $? = 0
configure:7165: result: yes
configure:7122: checking for strings.h
configure:7143: gcc -c -g -O2  conftest.c >&5
configure:7149: $? = 0
configure:7165: result: yes
configure:7122: checking for inttypes.h
configure:7143: gcc -c -g -O2  conftest.c >&5
configure:7149: $? = 0
configure:7165: result: yes
configure:7122: checking for stdint.h
configure:7143: gcc -c -g -O2  conftest.c >&5
configure:7149: $? = 0
configure:7165: result: yes
configure:7122: checking for unistd.h
configure:7143: gcc -c -g -O2  conftest.c >&5
configure:7149: $? = 0
configure:7165: result: yes
configure:7181: checking for dlfcn.h
configure:7202: gcc -c -g -O2  conftest.c >&5
configure:7208: $? = 0
configure:7224: result: yes
configure:7353: checking for C++ compiler version
configure:7360: g++ --version >&5
g++ (GCC) 4.2.4 (Debian 4.2.4-2+b1)
Copyright (C) 2007 Free Software Foundation, Inc.
This is free software; see the source for copying conditions.  There is NO
warranty; not even for MERCHANTABILITY or FITNESS FOR A PARTICULAR PURPOSE.

configure:7363: $? = 0
configure:7370: g++ -v >&5
Using built-in specs.
Target: i486-linux-gnu
Configured with: ../src/configure -v --enable-languages=c,c++,fortran,objc,obj-c++ --prefix=/usr --enable-shared --with-system-zlib --libexecdir=/usr/lib --without-included-gettext --enable-threads=posix --enable-nls --with-gxx-include-dir=/usr/include/c++/4.2 --program-suffix=-4.2 --enable-clocale=gnu --enable-libstdcxx-debug --enable-objc-gc --enable-mpfr --enable-targets=all --enable-checking=release --build=i486-linux-gnu --host=i486-linux-gnu --target=i486-linux-gnu
Thread model: posix
gcc version 4.2.4 (Debian 4.2.4-2+b1)
configure:7373: $? = 0
configure:7380: g++ -V >&5
g++: '-V' option must have argument
configure:7383: $? = 1
configure:7386: checking whether we are using the GNU C++ compiler
configure:7438: result: yes
configure:7443: checking whether g++ accepts -g
configure:7578: result: yes
configure:7603: checking dependency style of g++
configure:7694: result: gcc3
configure:7717: checking how to run the C++ preprocessor
configure:7753: g++ -E  conftest.cpp
configure:7759: $? = 0
configure:7790: g++ -E  conftest.cpp
conftest.cpp:21:28: error: ac_nonexistent.h: No such file or directory
configure:7796: $? = 1
configure: failed program was:
| /* confdefs.h.  */
| #define PACKAGE_NAME "libeye"
| #define PACKAGE_TARNAME "libeye"
| #define PACKAGE_VERSION "0.1"
| #define PACKAGE_STRING "libeye 0.1"
| #define PACKAGE_BUGREPORT "ellbur@gmail.com"
| #define PACKAGE "libeye"
| #define VERSION "0.1"
| #define STDC_HEADERS 1
| #define HAVE_SYS_TYPES_H 1
| #define HAVE_SYS_STAT_H 1
| #define HAVE_STDLIB_H 1
| #define HAVE_STRING_H 1
| #define HAVE_MEMORY_H 1
| #define HAVE_STRINGS_H 1
| #define HAVE_INTTYPES_H 1
| #define HAVE_STDINT_H 1
| #define HAVE_UNISTD_H 1
| #define HAVE_DLFCN_H 1
| /* end confdefs.h.  */
| #include <ac_nonexistent.h>
configure:7829: result: g++ -E
configure:7858: g++ -E  conftest.cpp
configure:7864: $? = 0
configure:7895: g++ -E  conftest.cpp
conftest.cpp:21:28: error: ac_nonexistent.h: No such file or directory
configure:7901: $? = 1
configure: failed program was:
| /* confdefs.h.  */
| #define PACKAGE_NAME "libeye"
| #define PACKAGE_TARNAME "libeye"
| #define PACKAGE_VERSION "0.1"
| #define PACKAGE_STRING "libeye 0.1"
| #define PACKAGE_BUGREPORT "ellbur@gmail.com"
| #define PACKAGE "libeye"
| #define VERSION "0.1"
| #define STDC_HEADERS 1
| #define HAVE_SYS_TYPES_H 1
| #define HAVE_SYS_STAT_H 1
| #define HAVE_STDLIB_H 1
| #define HAVE_STRING_H 1
| #define HAVE_MEMORY_H 1
| #define HAVE_STRINGS_H 1
| #define HAVE_INTTYPES_H 1
| #define HAVE_STDINT_H 1
| #define HAVE_UNISTD_H 1
| #define HAVE_DLFCN_H 1
| /* end confdefs.h.  */
| #include <ac_nonexistent.h>
configure:8083: checking for objdir
configure:8098: result: .libs
configure:8390: checking if gcc supports -fno-rtti -fno-exceptions
configure:8408: gcc -c -g -O2  -fno-rtti -fno-exceptions conftest.c >&5
cc1: warning: command line option "-fno-rtti" is valid for C++/ObjC++ but not for C
configure:8412: $? = 0
configure:8425: result: no
configure:8445: checking for gcc option to produce PIC
configure:8702: result: -fPIC -DPIC
configure:8714: checking if gcc PIC flag -fPIC -DPIC works
configure:8732: gcc -c -g -O2  -fPIC -DPIC -DPIC conftest.c >&5
configure:8736: $? = 0
configure:8749: result: yes
configure:8773: checking if gcc static flag -static works
configure:8801: result: yes
configure:8816: checking if gcc supports -c -o file.o
configure:8837: gcc -c -g -O2  -o out/conftest2.o conftest.c >&5
configure:8841: $? = 0
configure:8863: result: yes
configure:8871: checking if gcc supports -c -o file.o
configure:8918: result: yes
configure:8951: checking whether the gcc linker (/usr/bin/ld) supports shared libraries
configure:10006: result: yes
configure:10043: checking whether -lc should be explicitly linked in
configure:10048: gcc -c -g -O2  conftest.c >&5
configure:10051: $? = 0
configure:10066: gcc -shared conftest.o  -v -Wl,-soname -Wl,conftest -o conftest 2\>\&1 \| /bin/grep  -lc  \>/dev/null 2\>\&1
configure:10069: $? = 0
configure:10081: result: no
configure:10245: checking dynamic linker characteristics
configure:10688: gcc -o conftest -g -O2   -Wl,-rpath -Wl,/foo conftest.c  >&5
configure:10694: $? = 0
configure:10936: result: GNU/Linux ld.so
configure:11038: checking how to hardcode library paths into programs
configure:11063: result: immediate
configure:11876: checking whether stripping libraries is possible
configure:11881: result: yes
configure:11916: checking if libtool supports shared libraries
configure:11918: result: yes
configure:11921: checking whether to build shared libraries
configure:11942: result: yes
configure:11945: checking whether to build static libraries
configure:11949: result: no
configure:12099: checking for ld used by g++
configure:12166: result: /usr/bin/ld
configure:12175: checking if the linker (/usr/bin/ld) is GNU ld
configure:12190: result: yes
configure:12245: checking whether the g++ linker (/usr/bin/ld) supports shared libraries
configure:13207: result: yes
configure:13235: g++ -c -g -O2  conftest.cpp >&5
configure:13238: $? = 0
configure:13420: checking for g++ option to produce PIC
configure:13729: result: -fPIC -DPIC
configure:13738: checking if g++ PIC flag -fPIC -DPIC works
configure:13756: g++ -c -g -O2  -fPIC -DPIC -DPIC conftest.cpp >&5
configure:13760: $? = 0
configure:13773: result: yes
configure:13794: checking if g++ static flag -static works
configure:13822: result: yes
configure:13834: checking if g++ supports -c -o file.o
configure:13855: g++ -c -g -O2  -o out/conftest2.o conftest.cpp >&5
configure:13859: $? = 0
configure:13881: result: yes
configure:13886: checking if g++ supports -c -o file.o
configure:13933: result: yes
configure:13963: checking whether the g++ linker (/usr/bin/ld) supports shared libraries
configure:13992: result: yes
configure:14129: checking dynamic linker characteristics
configure:14520: g++ -o conftest -g -O2   -Wl,-rpath -Wl,/foo conftest.cpp  >&5
configure:14526: $? = 0
configure:14768: result: GNU/Linux ld.so
configure:14819: checking how to hardcode library paths into programs
configure:14844: result: immediate
configure:15036: creating ./config.status

## ---------------------- ##
## Running config.status. ##
## ---------------------- ##

This file was extended by libeye config.status 0.1, which was
generated by GNU Autoconf 2.61.  Invocation command line was

  CONFIG_FILES    = 
  CONFIG_HEADERS  = 
  CONFIG_LINKS    = 
  CONFIG_COMMANDS = 
  $ ./config.status 

on kmfe

config.status:908: creating Makefile
config.status:908: creating config.h
config.status:1183: executing depfiles commands
config.status:1183: executing libtool commands

## ---------------- ##
## Cache variables. ##
## ---------------- ##

ac_cv_build=i686-pc-linux-gnu
ac_cv_c_compiler_gnu=yes
ac_cv_cxx_compiler_gnu=yes
ac_cv_env_CCC_set=
ac_cv_env_CCC_value=
ac_cv_env_CC_set=
ac_cv_env_CC_value=
ac_cv_env_CFLAGS_set=
ac_cv_env_CFLAGS_value=
ac_cv_env_CPPFLAGS_set=
ac_cv_env_CPPFLAGS_value=
ac_cv_env_CPP_set=
ac_cv_env_CPP_value=
ac_cv_env_CXXCPP_set=
ac_cv_env_CXXCPP_value=
ac_cv_env_CXXFLAGS_set=
ac_cv_env_CXXFLAGS_value=
ac_cv_env_CXX_set=
ac_cv_env_CXX_value=
ac_cv_env_LDFLAGS_set=
ac_cv_env_LDFLAGS_value=
ac_cv_env_LIBS_set=
ac_cv_env_LIBS_value=
ac_cv_env_build_alias_set=
ac_cv_env_build_alias_value=
ac_cv_env_host_alias_set=
ac_cv_env_host_alias_value=
ac_cv_env_target_alias_set=
ac_cv_env_target_alias_value=
ac_cv_header_dlfcn_h=yes
ac_cv_header_inttypes_h=yes
ac_cv_header_memory_h=yes
ac_cv_header_stdc=yes
ac_cv_header_stdint_h=yes
ac_cv_header_stdlib_h=yes
ac_cv_header_string_h=yes
ac_cv_header_strings_h=yes
ac_cv_header_sys_stat_h=yes
ac_cv_header_sys_types_h=yes
ac_cv_header_unistd_h=yes
ac_cv_host=i686-pc-linux-gnu
ac_cv_objext=o
ac_cv_path_EGREP='/bin/grep -E'
ac_cv_path_FGREP='/bin/grep -F'
ac_cv_path_GREP=/bin/grep
ac_cv_path_SED=/bin/sed
ac_cv_path_install='/usr/bin/install -c'
ac_cv_path_mkdir=/bin/mkdir
ac_cv_prog_AWK=gawk
ac_cv_prog_CPP='gcc -E'
ac_cv_prog_CXXCPP='g++ -E'
ac_cv_prog_ac_ct_AR=ar
ac_cv_prog_ac_ct_CC=gcc
ac_cv_prog_ac_ct_CXX=g++
ac_cv_prog_ac_ct_RANLIB=ranlib
ac_cv_prog_ac_ct_STRIP=strip
ac_cv_prog_cc_c89=
ac_cv_prog_cc_g=yes
ac_cv_prog_cxx_g=yes
ac_cv_prog_make_make_set=yes
am_cv_CC_dependencies_compiler_type=gcc3
am_cv_CXX_dependencies_compiler_type=gcc3
lt_cv_deplibs_check_method=pass_all
lt_cv_file_magic_cmd='$MAGIC_CMD'
lt_cv_file_magic_test_file=
lt_cv_ld_reload_flag=-r
lt_cv_nm_interface='BSD nm'
lt_cv_objdir=.libs
lt_cv_path_LD=/usr/bin/ld
lt_cv_path_LDCXX=/usr/bin/ld
lt_cv_path_NM='/usr/bin/nm -B'
lt_cv_prog_compiler_c_o=yes
lt_cv_prog_compiler_c_o_CXX=yes
lt_cv_prog_compiler_pic_works=yes
lt_cv_prog_compiler_pic_works_CXX=yes
lt_cv_prog_compiler_rtti_exceptions=no
lt_cv_prog_compiler_static_works=yes
lt_cv_prog_compiler_static_works_CXX=yes
lt_cv_prog_gnu_ld=yes
lt_cv_prog_gnu_ldcxx=yes
lt_cv_sys_global_symbol_pipe='sed -n -e '\''s/^.*[	 ]\([ABCDGIRSTW][ABCDGIRSTW]*\)[	 ][	 ]*\([_A-Za-z][_A-Za-z0-9]*\)$/\1 \2 \2/p'\'''
lt_cv_sys_global_symbol_to_c_name_address='sed -n -e '\''s/^: \([^ ]*\) $/  {\"\1\", (void *) 0},/p'\'' -e '\''s/^[ABCDGIRSTW]* \([^ ]*\) \([^ ]*\)$/  {"\2", (void *) \&\2},/p'\'''
lt_cv_sys_global_symbol_to_c_name_address_lib_prefix='sed -n -e '\''s/^: \([^ ]*\) $/  {\"\1\", (void *) 0},/p'\'' -e '\''s/^[ABCDGIRSTW]* \([^ ]*\) \(lib[^ ]*\)$/  {"\2", (void *) \&\2},/p'\'' -e '\''s/^[ABCDGIRSTW]* \([^ ]*\) \([^ ]*\)$/  {"lib\2", (void *) \&\2},/p'\'''
lt_cv_sys_global_symbol_to_cdecl='sed -n -e '\''s/^T .* \(.*\)$/extern int \1();/p'\'' -e '\''s/^[ABCDGIRSTW]* .* \(.*\)$/extern char \1;/p'\'''
lt_cv_sys_max_cmd_len=98304

## ----------------- ##
## Output variables. ##
## ----------------- ##

ACLOCAL='${SHELL} /home/owen/src/libeye/missing --run aclocal-1.10'
AMDEPBACKSLASH='\'
AMDEP_FALSE='#'
AMDEP_TRUE=''
AMTAR='${SHELL} /home/owen/src/libeye/missing --run tar'
AR='ar'
AUTOCONF='${SHELL} /home/owen/src/libeye/missing --run autoconf'
AUTOHEADER='${SHELL} /home/owen/src/libeye/missing --run autoheader'
AUTOMAKE='${SHELL} /home/owen/src/libeye/missing --run automake-1.10'
AWK='gawk'
CC='gcc'
CCDEPMODE='depmode=gcc3'
CFLAGS='-g -O2'
CPP='gcc -E'
CPPFLAGS=''
CXX='g++'
CXXCPP='g++ -E'
CXXDEPMODE='depmode=gcc3'
CXXFLAGS='-g -O2'
CYGPATH_W='echo'
DEFS='-DHAVE_CONFIG_H'
DEPDIR='.deps'
DSYMUTIL=''
DUMPBIN=''
ECHO_C=''
ECHO_N='-n'
ECHO_T=''
EGREP='/bin/grep -E'
EXEEXT=''
FGREP='/bin/grep -F'
GREP='/bin/grep'
INSTALL_DATA='${INSTALL} -m 644'
INSTALL_PROGRAM='${INSTALL}'
INSTALL_SCRIPT='${INSTALL}'
INSTALL_STRIP_PROGRAM='$(install_sh) -c -s'
LD='/usr/bin/ld'
LDFLAGS=''
LIBOBJS=''
LIBS=''
LIBTOOL='$(SHELL) $(top_builddir)/libtool'
LIPO=''
LN_S='ln -s'
LTLIBOBJS=''
MAKEINFO='${SHELL} /home/owen/src/libeye/missing --run makeinfo'
NM='/usr/bin/nm -B'
NMEDIT=''
OBJEXT='o'
OTOOL64=''
OTOOL=''
PACKAGE='libeye'
PACKAGE_BUGREPORT='ellbur@gmail.com'
PACKAGE_NAME='libeye'
PACKAGE_STRING='libeye 0.1'
PACKAGE_TARNAME='libeye'
PACKAGE_VERSION='0.1'
PATH_SEPARATOR=':'
RANLIB='ranlib'
SED='/bin/sed'
SET_MAKE=''
SHELL='/bin/sh'
STRIP='strip'
VERSION='0.1'
ac_ct_CC='gcc'
ac_ct_CXX='g++'
ac_ct_DUMPBIN=''
am__fastdepCC_FALSE='#'
am__fastdepCC_TRUE=''
am__fastdepCXX_FALSE='#'
am__fastdepCXX_TRUE=''
am__include='include'
am__isrc=''
am__leading_dot='.'
am__quote=''
am__tar='${AMTAR} chof - "$$tardir"'
am__untar='${AMTAR} xf -'
bindir='${exec_prefix}/bin'
build='i686-pc-linux-gnu'
build_alias=''
build_cpu='i686'
build_os='linux-gnu'
build_vendor='pc'
datadir='${datarootdir}'
datarootdir='${prefix}/share'
docdir='${datarootdir}/doc/${PACKAGE_TARNAME}'
dvidir='${docdir}'
exec_prefix='${prefix}'
host='i686-pc-linux-gnu'
host_alias=''
host_cpu='i686'
host_os='linux-gnu'
host_vendor='pc'
htmldir='${docdir}'
includedir='${prefix}/include'
infodir='${datarootdir}/info'
install_sh='$(SHELL) /home/owen/src/libeye/install-sh'
libdir='${exec_prefix}/lib'
libexecdir='${exec_prefix}/libexec'
localedir='${datarootdir}/locale'
localstatedir='${prefix}/var'
lt_ECHO='echo'
mandir='${datarootdir}/man'
mkdir_p='/bin/mkdir -p'
oldincludedir='/usr/include'
pdfdir='${docdir}'
prefix='/home/owen'
program_transform_name='s,x,x,'
psdir='${docdir}'
sbindir='${exec_prefix}/sbin'
sharedstatedir='${prefix}/com'
sysconfdir='${prefix}/etc'
target_alias=''

## ----------- ##
## confdefs.h. ##
## ----------- ##

#define PACKAGE_NAME "libeye"
#define PACKAGE_TARNAME "libeye"
#define PACKAGE_VERSION "0.1"
#define PACKAGE_STRING "libeye 0.1"
#define PACKAGE_BUGREPORT "ellbur@gmail.com"
#define PACKAGE "libeye"
#define VERSION "0.1"
#define STDC_HEADERS 1
#define HAVE_SYS_TYPES_H 1
#define HAVE_SYS_STAT_H 1
#define HAVE_STDLIB_H 1
#define HAVE_STRING_H 1
#define HAVE_MEMORY_H 1
#define HAVE_STRINGS_H 1
#define HAVE_INTTYPES_H 1
#define HAVE_STDINT_H 1
#define HAVE_UNISTD_H 1
#define HAVE_DLFCN_H 1
#define LT_OBJDIR ".libs/"

configure: exit 0
